12-11-2024 17:59:52 - URL https://gausaugs.com caiu com o erro: timeout
12-11-2024 17:59:52 - URL https://cxcx.com caiu com o erro: timeout
12-11-2024 17:59:52 - URL https://123.com caiu com o erro: timeout
12-11-2024 18:07:02 - URL https://cxcx.com caiu com o erro: timeout
12-11-2024 18:07:02 - URL https://gausaugs.com caiu com o erro: timeout
12-11-2024 18:07:03 - URL https://123.com caiu com o erro: timeout
12-11-2024 18:17:48 - URL https://gausaugs.com caiu com o erro: timeout
12-11-2024 18:17:48 - URL https://cxcx.com caiu com o erro: timeout
12-11-2024 18:17:49 - URL https://123.com caiu com o erro: timeout
12-11-2024 18:21:58 - URL https://aummmm.com caiu com o erro: 436
12-11-2024 18:23:04 - URL https://cxcx.com caiu com o erro: timeout
12-11-2024 18:23:05 - URL https://gausaugs.com caiu com o erro: timeout
12-11-2024 18:23:05 - URL https://aummmm.com caiu com o erro: 436
12-11-2024 18:23:12 - URL https://gausaugs.com caiu com o erro: timeout
12-11-2024 18:23:13 - URL https://cxcx.com caiu com o erro: timeout
12-11-2024 18:23:13 - URL https://aummmm.com caiu com o erro: 436
12-11-2024 18:24:18 - URL https://cxcx.com caiu com o erro: timeout
12-11-2024 18:24:19 - URL https://gausaugs.com caiu com o erro: timeout
12-11-2024 18:24:19 - URL https://aummmm.com caiu com o erro: 436
12-11-2024 18:30:58 - URL https://gausaugs.com caiu com o erro: timeout
12-11-2024 18:30:58 - URL https://cxcx.com caiu com o erro: timeout
12-11-2024 18:30:59 - URL https://aummmm.com caiu com o erro: 436
12-11-2024 18:33:09 - URL https://123456.com caiu com o erro: timeout
12-11-2024 18:33:39 - URL https://123456.com voltou após 30 segundos de inatividade.
12-11-2024 18:41:07 - URL https://gausaugs.com caiu com o erro: timeout
12-11-2024 18:41:07 - URL https://cxcx.com caiu com o erro: timeout
12-11-2024 18:41:07 - URL https://aummmm.com caiu com o erro: 436
12-11-2024 18:44:49 - URL https://123456.com caiu com o erro: timeout
12-11-2024 18:45:21 - URL https://gausaugs.com caiu com o erro: timeout
12-11-2024 18:45:21 - URL https://cxcx.com caiu com o erro: timeout
12-11-2024 18:45:22 - URL https://aummmm.com caiu com o erro: 436
12-11-2024 18:47:31 - URL https://veloper.io caiu com o erro: 502
12-11-2024 18:48:03 - URL https://veloper.io voltou após 31 segundos de inatividade.
13-11-2024 10:56:47 - URL https://gausaugs.com caiu com o erro: timeout
13-11-2024 10:56:47 - URL https://cxcx.com caiu com o erro: timeout
13-11-2024 10:56:48 - URL https://aummmm.com caiu com o erro: 436
13-11-2024 11:06:00 - URL https://gausaugs.com caiu com o erro: timeout
13-11-2024 11:06:00 - URL https://cxcx.com caiu com o erro: timeout
13-11-2024 11:06:00 - URL https://aummmm.com caiu com o erro: 436
13-11-2024 12:18:48 - URL https://gausaugs.com caiu com o erro: timeout
13-11-2024 12:18:49 - URL https://cxcx.com caiu com o erro: timeout
13-11-2024 12:23:31 - URL https://gausaugs.com caiu com o erro: timeout
13-11-2024 12:23:31 - URL https://cxcx.com caiu com o erro: timeout
13-11-2024 12:23:44 - URL https://gausaugs.com caiu com o erro: timeout
13-11-2024 12:23:44 - URL https://cxcx.com caiu com o erro: timeout
13-11-2024 12:23:45 - URL https://aummmm.com caiu com o erro: 436
13-11-2024 12:40:27 - URL https://gausaugs.com caiu com o erro: timeout
13-11-2024 12:40:27 - URL https://cxcx.com caiu com o erro: timeout
13-11-2024 12:40:53 - URL https://cxcx.com caiu com o erro: timeout
13-11-2024 12:40:53 - URL https://gausaugs.com caiu com o erro: timeout
13-11-2024 12:42:39 - URL https://gausaugs.com caiu com o erro: timeout
13-11-2024 12:42:39 - URL https://cxcx.com caiu com o erro: timeout
13-11-2024 12:45:18 - URL https://cxcx.com caiu com o erro: timeout
13-11-2024 12:47:53 - URL https://cxcx.com caiu com o erro: timeout
13-11-2024 12:47:53 - URL https://gausaugs.com caiu com o erro: timeout
13-11-2024 12:47:53 - URL https://veloper.io caiu com o erro: 502
13-11-2024 12:47:54 - URL https://aummmm.com caiu com o erro: 436
13-11-2024 12:54:12 - URL https://cxcx.com caiu com o erro: timeout
13-11-2024 12:54:12 - URL https://gausaugs.com caiu com o erro: timeout
13-11-2024 13:12:18 - URL https://gausaugs.com caiu com o erro: timeout
13-11-2024 13:12:19 - URL https://cxcx.com caiu com o erro: timeout
13-11-2024 13:12:19 - URL https://aummmm.com caiu com o erro: 436
13-11-2024 14:26:38 - URL https://gausaugs.com caiu com o erro: timeout
13-11-2024 14:26:39 - URL https://cxcx.com caiu com o erro: timeout
13-11-2024 14:26:39 - URL https://aummmm.com caiu com o erro: 436
13-11-2024 14:27:39 - URL https://gausaugs.com caiu com o erro: timeout
13-11-2024 14:27:40 - URL https://cxcx.com caiu com o erro: timeout
13-11-2024 14:27:41 - URL https://aummmm.com caiu com o erro: 436
13-11-2024 14:33:32 - URL https://12345meia78.com caiu com o erro: timeout
13-11-2024 14:34:29 - URL https://cxcx.com caiu com o erro: timeout
13-11-2024 14:34:29 - URL https://gausaugs.com caiu com o erro: timeout
13-11-2024 14:34:30 - URL https://12345meia78.com caiu com o erro: timeout
13-11-2024 14:34:30 - URL https://aummmm.com caiu com o erro: 436
13-11-2024 14:44:46 - URL https://12345meia78.com caiu com o erro: timeout
13-11-2024 14:44:46 - URL https://12345meia78.com caiu com o erro: timeout
13-11-2024 14:44:46 - URL https://12345meia78.com caiu com o erro: timeout
13-11-2024 14:44:46 - URL https://gausaugs.com caiu com o erro: timeout
13-11-2024 14:44:46 - URL https://gausaugs.com caiu com o erro: timeout
13-11-2024 14:44:46 - URL https://12345meia78.com caiu com o erro: timeout
13-11-2024 14:44:46 - URL https://12345meia78.com caiu com o erro: timeout
13-11-2024 14:44:46 - URL https://gausaugs.com caiu com o erro: timeout
13-11-2024 14:44:46 - URL https://gausaugs.com caiu com o erro: timeout
13-11-2024 14:44:46 - URL https://cxcx.com caiu com o erro: timeout
13-11-2024 14:44:46 - URL https://gausaugs.com caiu com o erro: timeout
13-11-2024 14:44:47 - URL https://cxcx.com caiu com o erro: timeout
13-11-2024 14:44:47 - URL https://12345meia78.com caiu com o erro: timeout
13-11-2024 14:44:47 - URL https://12345meia78.com caiu com o erro: timeout
13-11-2024 14:44:47 - URL https://gausaugs.com caiu com o erro: timeout
13-11-2024 14:44:47 - URL https://12345meia78.com caiu com o erro: timeout
13-11-2024 14:44:47 - URL https://cxcx.com caiu com o erro: timeout
13-11-2024 14:44:47 - URL https://gausaugs.com caiu com o erro: timeout
13-11-2024 14:44:47 - URL https://12345meia78.com caiu com o erro: timeout
13-11-2024 14:44:47 - URL https://gausaugs.com caiu com o erro: timeout
13-11-2024 14:44:47 - URL https://cxcx.com caiu com o erro: timeout
13-11-2024 14:44:47 - URL https://cxcx.com caiu com o erro: timeout
13-11-2024 14:44:47 - URL https://gausaugs.com caiu com o erro: timeout
13-11-2024 14:44:47 - URL https://gausaugs.com caiu com o erro: timeout
13-11-2024 14:44:47 - URL https://gausaugs.com caiu com o erro: timeout
13-11-2024 14:44:47 - URL https://gausaugs.com caiu com o erro: timeout
13-11-2024 14:44:47 - URL https://gausaugs.com caiu com o erro: timeout
13-11-2024 14:44:47 - URL https://gausaugs.com caiu com o erro: timeout
13-11-2024 14:44:47 - URL https://cxcx.com caiu com o erro: timeout
13-11-2024 14:44:47 - URL https://cxcx.com caiu com o erro: timeout
13-11-2024 14:44:47 - URL https://cxcx.com caiu com o erro: timeout
13-11-2024 14:44:47 - URL https://cxcx.com caiu com o erro: timeout
13-11-2024 14:44:47 - URL https://cxcx.com caiu com o erro: timeout
13-11-2024 14:44:47 - URL https://cxcx.com caiu com o erro: timeout
13-11-2024 14:44:47 - URL https://cxcx.com caiu com o erro: timeout
13-11-2024 14:44:47 - URL https://cxcx.com caiu com o erro: timeout
13-11-2024 14:44:47 - URL https://gausaugs.com caiu com o erro: timeout
13-11-2024 14:44:47 - URL https://aummmm.com caiu com o erro: 436
13-11-2024 14:44:47 - URL https://aummmm.com caiu com o erro: 436
13-11-2024 14:44:47 - URL https://aummmm.com caiu com o erro: 436
13-11-2024 14:44:47 - URL https://aummmm.com caiu com o erro: 436
13-11-2024 14:44:47 - URL https://aummmm.com caiu com o erro: 436
13-11-2024 14:44:47 - URL https://aummmm.com caiu com o erro: 436
13-11-2024 14:44:47 - URL https://aummmm.com caiu com o erro: 436
13-11-2024 14:44:47 - URL https://aummmm.com caiu com o erro: 436
13-11-2024 14:44:47 - URL https://aummmm.com caiu com o erro: 436
13-11-2024 14:44:47 - URL https://aummmm.com caiu com o erro: 436
13-11-2024 14:44:47 - URL https://aummmm.com caiu com o erro: 436
13-11-2024 14:44:47 - URL https://aummmm.com caiu com o erro: 436
13-11-2024 14:44:47 - URL https://aummmm.com caiu com o erro: 436
13-11-2024 14:44:47 - URL https://aummmm.com caiu com o erro: 436
13-11-2024 14:44:47 - URL https://aummmm.com caiu com o erro: 436
13-11-2024 14:44:47 - URL https://aummmm.com caiu com o erro: 436
13-11-2024 14:44:47 - URL https://aummmm.com caiu com o erro: 436
13-11-2024 14:44:47 - URL https://aummmm.com caiu com o erro: 436
13-11-2024 14:44:47 - URL https://aummmm.com caiu com o erro: 436
13-11-2024 14:44:47 - URL https://aummmm.com caiu com o erro: 436
13-11-2024 14:44:47 - URL https://aummmm.com caiu com o erro: 436
13-11-2024 14:44:47 - URL https://aummmm.com caiu com o erro: 436
13-11-2024 14:44:47 - URL https://aummmm.com caiu com o erro: 436
13-11-2024 14:44:47 - URL https://aummmm.com caiu com o erro: 436
13-11-2024 14:44:47 - URL https://aummmm.com caiu com o erro: 436
13-11-2024 14:44:47 - URL https://aummmm.com caiu com o erro: 436
13-11-2024 14:44:47 - URL https://aummmm.com caiu com o erro: 436
13-11-2024 14:44:47 - URL https://aummmm.com caiu com o erro: 436
13-11-2024 14:44:48 - URL https://aummmm.com caiu com o erro: 436
13-11-2024 14:44:48 - URL https://aummmm.com caiu com o erro: 436
13-11-2024 14:44:48 - URL https://aummmm.com caiu com o erro: 436
13-11-2024 14:44:48 - URL https://aummmm.com caiu com o erro: 436
13-11-2024 14:44:48 - URL https://aummmm.com caiu com o erro: 436
13-11-2024 14:44:52 - URL https://gausaugs.com caiu com o erro: timeout
13-11-2024 14:51:06 - URL https://cxcx.com caiu com o erro: timeout
13-11-2024 14:51:06 - URL https://gausaugs.com caiu com o erro: timeout
13-11-2024 14:51:07 - URL https://12345meia78.com caiu com o erro: timeout
13-11-2024 14:54:39 - URL https://gausaugs.com caiu com o erro: timeout
13-11-2024 14:54:40 - URL https://cxcx.com caiu com o erro: timeout
13-11-2024 17:58:06 - URL https://12345meia78.com caiu com o erro: timeout
13-11-2024 17:58:06 - URL https://gausaugs.com caiu com o erro: timeout
13-11-2024 17:58:06 - URL https://cxcx.com caiu com o erro: timeout
13-11-2024 17:58:07 - URL https://aummmm.com caiu com o erro: 436
14-11-2024 09:47:58 - URL https://12345meia78.com caiu com o erro: timeout
14-11-2024 09:47:58 - URL https://gausaugs.com caiu com o erro: timeout
14-11-2024 09:47:59 - URL https://cxcx.com caiu com o erro: timeout
14-11-2024 09:47:59 - URL https://aummmm.com caiu com o erro: 436
14-11-2024 10:08:03 - URL https://gausaugs.com caiu com o erro: timeout
14-11-2024 10:08:04 - URL https://12345meia78.com caiu com o erro: timeout
14-11-2024 10:08:04 - URL https://cxcx.com caiu com o erro: timeout
14-11-2024 10:08:05 - URL https://aummmm.com caiu com o erro: 436
14-11-2024 10:10:03 - URL https://cxcx.com caiu com o erro: timeout
14-11-2024 10:10:03 - URL https://cxcx.com caiu com o erro: timeout
14-11-2024 10:10:03 - URL https://cxcx.com caiu com o erro: timeout
14-11-2024 10:10:03 - URL https://gausaugs.com caiu com o erro: timeout
14-11-2024 10:10:03 - URL https://12345meia78.com caiu com o erro: timeout
14-11-2024 10:10:03 - URL https://12345meia78.com caiu com o erro: timeout
14-11-2024 10:10:03 - URL https://cxcx.com caiu com o erro: timeout
14-11-2024 10:10:03 - URL https://cxcx.com caiu com o erro: timeout
14-11-2024 10:10:03 - URL https://cxcx.com caiu com o erro: timeout
14-11-2024 10:10:03 - URL https://gausaugs.com caiu com o erro: timeout
14-11-2024 10:10:03 - URL https://12345meia78.com caiu com o erro: timeout
14-11-2024 10:10:03 - URL https://gausaugs.com caiu com o erro: timeout
14-11-2024 10:10:03 - URL https://gausaugs.com caiu com o erro: timeout
14-11-2024 10:10:03 - URL https://12345meia78.com caiu com o erro: timeout
14-11-2024 10:10:03 - URL https://gausaugs.com caiu com o erro: timeout
14-11-2024 10:10:03 - URL https://gausaugs.com caiu com o erro: timeout
14-11-2024 10:10:03 - URL https://cxcx.com caiu com o erro: timeout
14-11-2024 10:10:03 - URL https://cxcx.com caiu com o erro: timeout
14-11-2024 10:10:03 - URL https://gausaugs.com caiu com o erro: timeout
14-11-2024 10:10:03 - URL https://cxcx.com caiu com o erro: timeout
14-11-2024 10:10:03 - URL https://cxcx.com caiu com o erro: timeout
14-11-2024 10:10:03 - URL https://gausaugs.com caiu com o erro: timeout
14-11-2024 10:10:03 - URL https://12345meia78.com caiu com o erro: timeout
14-11-2024 10:10:03 - URL https://gausaugs.com caiu com o erro: timeout
14-11-2024 10:10:03 - URL https://cxcx.com caiu com o erro: timeout
14-11-2024 10:10:03 - URL https://gausaugs.com caiu com o erro: timeout
14-11-2024 10:10:03 - URL https://cxcx.com caiu com o erro: timeout
14-11-2024 10:10:03 - URL https://gausaugs.com caiu com o erro: timeout
14-11-2024 10:10:03 - URL https://gausaugs.com caiu com o erro: timeout
14-11-2024 10:10:03 - URL https://cxcx.com caiu com o erro: timeout
14-11-2024 10:10:03 - URL https://gausaugs.com caiu com o erro: timeout
14-11-2024 10:10:03 - URL https://gausaugs.com caiu com o erro: timeout
14-11-2024 10:10:03 - URL https://cxcx.com caiu com o erro: timeout
14-11-2024 10:10:03 - URL https://gausaugs.com caiu com o erro: timeout
14-11-2024 10:10:03 - URL https://12345meia78.com caiu com o erro: timeout
14-11-2024 10:10:03 - URL https://12345meia78.com caiu com o erro: timeout
14-11-2024 10:10:03 - URL https://12345meia78.com caiu com o erro: timeout
14-11-2024 10:10:03 - URL https://12345meia78.com caiu com o erro: timeout
14-11-2024 10:10:03 - URL https://gausaugs.com caiu com o erro: timeout
14-11-2024 10:10:03 - URL https://gausaugs.com caiu com o erro: timeout
14-11-2024 10:10:03 - URL https://gausaugs.com caiu com o erro: timeout
14-11-2024 10:10:03 - URL https://12345meia78.com caiu com o erro: timeout
14-11-2024 10:10:03 - URL https://gausaugs.com caiu com o erro: timeout
14-11-2024 10:10:03 - URL https://aummmm.com caiu com o erro: 436
14-11-2024 10:10:03 - URL https://aummmm.com caiu com o erro: 436
14-11-2024 10:10:03 - URL https://aummmm.com caiu com o erro: 436
14-11-2024 10:10:03 - URL https://aummmm.com caiu com o erro: 436
14-11-2024 10:10:03 - URL https://aummmm.com caiu com o erro: 436
14-11-2024 10:10:03 - URL https://aummmm.com caiu com o erro: 436
14-11-2024 10:10:03 - URL https://aummmm.com caiu com o erro: 436
14-11-2024 10:10:03 - URL https://aummmm.com caiu com o erro: 436
14-11-2024 10:10:03 - URL https://aummmm.com caiu com o erro: 436
14-11-2024 10:10:03 - URL https://aummmm.com caiu com o erro: 436
14-11-2024 10:10:03 - URL https://aummmm.com caiu com o erro: 436
14-11-2024 10:10:03 - URL https://aummmm.com caiu com o erro: 436
14-11-2024 10:10:03 - URL https://aummmm.com caiu com o erro: 436
14-11-2024 10:10:03 - URL https://aummmm.com caiu com o erro: 436
14-11-2024 10:10:03 - URL https://aummmm.com caiu com o erro: 436
14-11-2024 10:10:04 - URL https://aummmm.com caiu com o erro: 436
14-11-2024 10:10:04 - URL https://aummmm.com caiu com o erro: 436
14-11-2024 10:10:04 - URL https://aummmm.com caiu com o erro: 436
14-11-2024 10:10:04 - URL https://aummmm.com caiu com o erro: 436
14-11-2024 10:10:04 - URL https://aummmm.com caiu com o erro: 436
14-11-2024 10:10:04 - URL https://aummmm.com caiu com o erro: 436
14-11-2024 10:10:04 - URL https://aummmm.com caiu com o erro: 436
14-11-2024 10:10:04 - URL https://aummmm.com caiu com o erro: 436
14-11-2024 10:10:04 - URL https://aummmm.com caiu com o erro: 436
14-11-2024 10:10:04 - URL https://aummmm.com caiu com o erro: 436
14-11-2024 10:10:04 - URL https://aummmm.com caiu com o erro: 436
14-11-2024 10:10:04 - URL https://aummmm.com caiu com o erro: 436
14-11-2024 10:10:04 - URL https://aummmm.com caiu com o erro: 436
14-11-2024 10:10:04 - URL https://aummmm.com caiu com o erro: 436
14-11-2024 10:10:04 - URL https://aummmm.com caiu com o erro: 436
14-11-2024 10:10:04 - URL https://aummmm.com caiu com o erro: 436
14-11-2024 10:10:04 - URL https://aummmm.com caiu com o erro: 436
14-11-2024 10:10:04 - URL https://aummmm.com caiu com o erro: 436
14-11-2024 10:20:49 - URL https://gausaugs.com caiu com o erro: timeout
14-11-2024 10:20:50 - URL https://12345meia78.com caiu com o erro: timeout
14-11-2024 10:20:50 - URL https://cxcx.com caiu com o erro: timeout
14-11-2024 10:20:50 - URL https://aummmm.com caiu com o erro: 436
14-11-2024 10:21:32 - URL https://12345meia78.com caiu com o erro: timeout
14-11-2024 10:21:32 - URL https://12345meia78.com caiu com o erro: timeout
14-11-2024 10:21:32 - URL https://gausaugs.com caiu com o erro: timeout
14-11-2024 10:21:32 - URL https://12345meia78.com caiu com o erro: timeout
14-11-2024 10:21:32 - URL https://cxcx.com caiu com o erro: timeout
14-11-2024 10:21:32 - URL https://gausaugs.com caiu com o erro: timeout
14-11-2024 10:21:32 - URL https://cxcx.com caiu com o erro: timeout
14-11-2024 10:21:32 - URL https://12345meia78.com caiu com o erro: timeout
14-11-2024 10:21:32 - URL https://cxcx.com caiu com o erro: timeout
14-11-2024 10:21:32 - URL https://gausaugs.com caiu com o erro: timeout
14-11-2024 10:21:32 - URL https://12345meia78.com caiu com o erro: timeout
14-11-2024 10:21:32 - URL https://cxcx.com caiu com o erro: timeout
14-11-2024 10:21:32 - URL https://gausaugs.com caiu com o erro: timeout
14-11-2024 10:21:32 - URL https://cxcx.com caiu com o erro: timeout
14-11-2024 10:21:32 - URL https://12345meia78.com caiu com o erro: timeout
14-11-2024 10:21:32 - URL https://cxcx.com caiu com o erro: timeout
14-11-2024 10:21:32 - URL https://gausaugs.com caiu com o erro: timeout
14-11-2024 10:21:32 - URL https://gausaugs.com caiu com o erro: timeout
14-11-2024 10:21:32 - URL https://12345meia78.com caiu com o erro: timeout
14-11-2024 10:21:32 - URL https://gausaugs.com caiu com o erro: timeout
14-11-2024 10:21:32 - URL https://gausaugs.com caiu com o erro: timeout
14-11-2024 10:21:32 - URL https://cxcx.com caiu com o erro: timeout
14-11-2024 10:21:32 - URL https://gausaugs.com caiu com o erro: timeout
14-11-2024 10:21:32 - URL https://gausaugs.com caiu com o erro: timeout
14-11-2024 10:21:32 - URL https://cxcx.com caiu com o erro: timeout
14-11-2024 10:21:32 - URL https://12345meia78.com caiu com o erro: timeout
14-11-2024 10:21:32 - URL https://gausaugs.com caiu com o erro: timeout
14-11-2024 10:21:32 - URL https://gausaugs.com caiu com o erro: timeout
14-11-2024 10:21:32 - URL https://cxcx.com caiu com o erro: timeout
14-11-2024 10:21:32 - URL https://gausaugs.com caiu com o erro: timeout
14-11-2024 10:21:32 - URL https://cxcx.com caiu com o erro: timeout
14-11-2024 10:21:32 - URL https://cxcx.com caiu com o erro: timeout
14-11-2024 10:21:32 - URL https://gausaugs.com caiu com o erro: timeout
14-11-2024 10:21:32 - URL https://gausaugs.com caiu com o erro: timeout
14-11-2024 10:21:32 - URL https://cxcx.com caiu com o erro: timeout
14-11-2024 10:21:32 - URL https://cxcx.com caiu com o erro: timeout
14-11-2024 10:21:32 - URL https://cxcx.com caiu com o erro: timeout
14-11-2024 10:21:32 - URL https://gausaugs.com caiu com o erro: timeout
14-11-2024 10:21:33 - URL https://aummmm.com caiu com o erro: 436
14-11-2024 10:21:33 - URL https://aummmm.com caiu com o erro: 436
14-11-2024 10:21:33 - URL https://aummmm.com caiu com o erro: 436
14-11-2024 10:21:33 - URL https://aummmm.com caiu com o erro: 436
14-11-2024 10:21:33 - URL https://aummmm.com caiu com o erro: 436
14-11-2024 10:21:33 - URL https://aummmm.com caiu com o erro: 436
14-11-2024 10:21:33 - URL https://aummmm.com caiu com o erro: 436
14-11-2024 10:21:33 - URL https://aummmm.com caiu com o erro: 436
14-11-2024 10:21:33 - URL https://aummmm.com caiu com o erro: 436
14-11-2024 10:21:33 - URL https://aummmm.com caiu com o erro: 436
14-11-2024 10:21:33 - URL https://aummmm.com caiu com o erro: 436
14-11-2024 10:21:33 - URL https://aummmm.com caiu com o erro: 436
14-11-2024 10:21:33 - URL https://aummmm.com caiu com o erro: 436
14-11-2024 10:21:33 - URL https://aummmm.com caiu com o erro: 436
14-11-2024 10:21:33 - URL https://aummmm.com caiu com o erro: 436
14-11-2024 10:21:33 - URL https://aummmm.com caiu com o erro: 436
14-11-2024 10:21:33 - URL https://aummmm.com caiu com o erro: 436
14-11-2024 10:21:33 - URL https://aummmm.com caiu com o erro: 436
14-11-2024 10:21:33 - URL https://aummmm.com caiu com o erro: 436
14-11-2024 10:21:33 - URL https://aummmm.com caiu com o erro: 436
14-11-2024 10:21:33 - URL https://aummmm.com caiu com o erro: 436
14-11-2024 10:21:33 - URL https://aummmm.com caiu com o erro: 436
14-11-2024 10:21:33 - URL https://aummmm.com caiu com o erro: 436
14-11-2024 10:21:33 - URL https://aummmm.com caiu com o erro: 436
14-11-2024 10:21:33 - URL https://aummmm.com caiu com o erro: 436
14-11-2024 10:21:33 - URL https://aummmm.com caiu com o erro: 436
14-11-2024 10:21:33 - URL https://aummmm.com caiu com o erro: 436
14-11-2024 10:21:33 - URL https://aummmm.com caiu com o erro: 436
14-11-2024 10:21:33 - URL https://aummmm.com caiu com o erro: 436
14-11-2024 10:23:52 - URL https://cxcx.com caiu com o erro: timeout
14-11-2024 10:23:52 - URL https://cxcx.com caiu com o erro: timeout
14-11-2024 10:23:52 - URL https://cxcx.com caiu com o erro: timeout
14-11-2024 10:23:52 - URL https://cxcx.com caiu com o erro: timeout
14-11-2024 10:23:52 - URL https://cxcx.com caiu com o erro: timeout
14-11-2024 10:23:52 - URL https://cxcx.com caiu com o erro: timeout
14-11-2024 10:23:52 - URL https://cxcx.com caiu com o erro: timeout
14-11-2024 10:23:52 - URL https://cxcx.com caiu com o erro: timeout
14-11-2024 10:23:52 - URL https://cxcx.com caiu com o erro: timeout
14-11-2024 10:23:52 - URL https://cxcx.com caiu com o erro: timeout
14-11-2024 10:23:52 - URL https://cxcx.com caiu com o erro: timeout
14-11-2024 10:23:52 - URL https://cxcx.com caiu com o erro: timeout
14-11-2024 10:23:52 - URL https://cxcx.com caiu com o erro: timeout
14-11-2024 10:23:52 - URL https://cxcx.com caiu com o erro: timeout
14-11-2024 10:23:52 - URL https://cxcx.com caiu com o erro: timeout
14-11-2024 10:23:52 - URL https://cxcx.com caiu com o erro: timeout
14-11-2024 10:23:52 - URL https://cxcx.com caiu com o erro: timeout
14-11-2024 10:23:52 - URL https://cxcx.com caiu com o erro: timeout
14-11-2024 10:23:52 - URL https://cxcx.com caiu com o erro: timeout
14-11-2024 10:23:52 - URL https://cxcx.com caiu com o erro: timeout
14-11-2024 10:23:52 - URL https://cxcx.com caiu com o erro: timeout
14-11-2024 10:23:52 - URL https://cxcx.com caiu com o erro: timeout
14-11-2024 10:23:52 - URL https://cxcx.com caiu com o erro: timeout
14-11-2024 10:23:52 - URL https://cxcx.com caiu com o erro: timeout
14-11-2024 10:23:52 - URL https://cxcx.com caiu com o erro: timeout
14-11-2024 10:23:52 - URL https://cxcx.com caiu com o erro: timeout
14-11-2024 10:23:52 - URL https://cxcx.com caiu com o erro: timeout
14-11-2024 10:23:52 - URL https://cxcx.com caiu com o erro: timeout
14-11-2024 10:23:52 - URL https://cxcx.com caiu com o erro: timeout
14-11-2024 10:23:52 - URL https://cxcx.com caiu com o erro: timeout
14-11-2024 10:23:52 - URL https://gausaugs.com caiu com o erro: timeout
14-11-2024 10:23:52 - URL https://cxcx.com caiu com o erro: timeout
14-11-2024 10:23:52 - URL https://cxcx.com caiu com o erro: timeout
14-11-2024 10:23:52 - URL https://gausaugs.com caiu com o erro: timeout
14-11-2024 10:23:52 - URL https://cxcx.com caiu com o erro: timeout
14-11-2024 10:23:52 - URL https://gausaugs.com caiu com o erro: timeout
14-11-2024 10:23:52 - URL https://gausaugs.com caiu com o erro: timeout
14-11-2024 10:23:52 - URL https://12345meia78.com caiu com o erro: timeout
14-11-2024 10:23:52 - URL https://gausaugs.com caiu com o erro: timeout
14-11-2024 10:23:52 - URL https://cxcx.com caiu com o erro: timeout
14-11-2024 10:23:52 - URL https://cxcx.com caiu com o erro: timeout
14-11-2024 10:23:52 - URL https://gausaugs.com caiu com o erro: timeout
14-11-2024 10:23:52 - URL https://gausaugs.com caiu com o erro: timeout
14-11-2024 10:23:52 - URL https://gausaugs.com caiu com o erro: timeout
14-11-2024 10:23:52 - URL https://12345meia78.com caiu com o erro: timeout
14-11-2024 10:23:52 - URL https://gausaugs.com caiu com o erro: timeout
14-11-2024 10:23:52 - URL https://gausaugs.com caiu com o erro: timeout
14-11-2024 10:23:52 - URL https://gausaugs.com caiu com o erro: timeout
14-11-2024 10:23:52 - URL https://gausaugs.com caiu com o erro: timeout
14-11-2024 10:23:52 - URL https://12345meia78.com caiu com o erro: timeout
14-11-2024 10:23:52 - URL https://gausaugs.com caiu com o erro: timeout
14-11-2024 10:23:52 - URL https://gausaugs.com caiu com o erro: timeout
14-11-2024 10:23:52 - URL https://12345meia78.com caiu com o erro: timeout
14-11-2024 10:23:52 - URL https://gausaugs.com caiu com o erro: timeout
14-11-2024 10:23:52 - URL https://12345meia78.com caiu com o erro: timeout
14-11-2024 10:23:52 - URL https://cxcx.com caiu com o erro: timeout
14-11-2024 10:23:52 - URL https://gausaugs.com caiu com o erro: timeout
14-11-2024 10:23:52 - URL https://gausaugs.com caiu com o erro: timeout
14-11-2024 10:23:52 - URL https://gausaugs.com caiu com o erro: timeout
14-11-2024 10:23:52 - URL https://gausaugs.com caiu com o erro: timeout
14-11-2024 10:23:52 - URL https://gausaugs.com caiu com o erro: timeout
14-11-2024 10:23:52 - URL https://12345meia78.com caiu com o erro: timeout
14-11-2024 10:23:52 - URL https://gausaugs.com caiu com o erro: timeout
14-11-2024 10:23:52 - URL https://12345meia78.com caiu com o erro: timeout
14-11-2024 10:23:52 - URL https://12345meia78.com caiu com o erro: timeout
14-11-2024 10:23:52 - URL https://12345meia78.com caiu com o erro: timeout
14-11-2024 10:23:52 - URL https://12345meia78.com caiu com o erro: timeout
14-11-2024 10:23:52 - URL https://gausaugs.com caiu com o erro: timeout
14-11-2024 10:23:52 - URL https://gausaugs.com caiu com o erro: timeout
14-11-2024 10:23:53 - URL https://gausaugs.com caiu com o erro: timeout
14-11-2024 10:23:53 - URL https://gausaugs.com caiu com o erro: timeout
14-11-2024 10:23:53 - URL https://gausaugs.com caiu com o erro: timeout
14-11-2024 10:23:53 - URL https://gausaugs.com caiu com o erro: timeout
14-11-2024 10:23:53 - URL https://12345meia78.com caiu com o erro: timeout
14-11-2024 10:23:53 - URL https://gausaugs.com caiu com o erro: timeout
14-11-2024 10:23:53 - URL https://gausaugs.com caiu com o erro: timeout
14-11-2024 10:23:53 - URL https://gausaugs.com caiu com o erro: timeout
14-11-2024 10:23:53 - URL https://gausaugs.com caiu com o erro: timeout
14-11-2024 10:23:53 - URL https://12345meia78.com caiu com o erro: timeout
14-11-2024 10:23:53 - URL https://gausaugs.com caiu com o erro: timeout
14-11-2024 10:23:53 - URL https://12345meia78.com caiu com o erro: timeout
14-11-2024 10:23:53 - URL https://gausaugs.com caiu com o erro: timeout
14-11-2024 10:23:53 - URL https://12345meia78.com caiu com o erro: timeout
14-11-2024 10:23:53 - URL https://12345meia78.com caiu com o erro: timeout
14-11-2024 10:23:53 - URL https://12345meia78.com caiu com o erro: timeout
14-11-2024 10:23:53 - URL https://12345meia78.com caiu com o erro: timeout
14-11-2024 10:23:53 - URL https://12345meia78.com caiu com o erro: timeout
14-11-2024 10:23:53 - URL https://aummmm.com caiu com o erro: 436
14-11-2024 10:23:53 - URL https://aummmm.com caiu com o erro: 436
14-11-2024 10:23:53 - URL https://aummmm.com caiu com o erro: 436
14-11-2024 10:23:53 - URL https://aummmm.com caiu com o erro: 436
14-11-2024 10:23:53 - URL https://aummmm.com caiu com o erro: 436
14-11-2024 10:23:53 - URL https://aummmm.com caiu com o erro: 436
14-11-2024 10:23:53 - URL https://aummmm.com caiu com o erro: 436
14-11-2024 10:23:53 - URL https://aummmm.com caiu com o erro: 436
14-11-2024 10:23:53 - URL https://aummmm.com caiu com o erro: 436
14-11-2024 10:23:53 - URL https://aummmm.com caiu com o erro: 436
14-11-2024 10:23:53 - URL https://aummmm.com caiu com o erro: 436
14-11-2024 10:23:53 - URL https://aummmm.com caiu com o erro: 436
14-11-2024 10:23:53 - URL https://aummmm.com caiu com o erro: 436
14-11-2024 10:23:53 - URL https://aummmm.com caiu com o erro: 436
14-11-2024 10:23:53 - URL https://aummmm.com caiu com o erro: 436
14-11-2024 10:23:53 - URL https://aummmm.com caiu com o erro: 436
14-11-2024 10:23:53 - URL https://aummmm.com caiu com o erro: 436
14-11-2024 10:23:53 - URL https://aummmm.com caiu com o erro: 436
14-11-2024 10:23:53 - URL https://aummmm.com caiu com o erro: 436
14-11-2024 10:23:53 - URL https://aummmm.com caiu com o erro: 436
14-11-2024 10:23:53 - URL https://aummmm.com caiu com o erro: 436
14-11-2024 10:23:53 - URL https://aummmm.com caiu com o erro: 436
14-11-2024 10:23:53 - URL https://aummmm.com caiu com o erro: 436
14-11-2024 10:23:53 - URL https://aummmm.com caiu com o erro: 436
14-11-2024 10:23:53 - URL https://aummmm.com caiu com o erro: 436
14-11-2024 10:23:53 - URL https://aummmm.com caiu com o erro: 436
14-11-2024 10:23:53 - URL https://aummmm.com caiu com o erro: 436
14-11-2024 10:23:53 - URL https://aummmm.com caiu com o erro: 436
14-11-2024 10:23:53 - URL https://aummmm.com caiu com o erro: 436
14-11-2024 10:23:53 - URL https://aummmm.com caiu com o erro: 436
14-11-2024 10:23:53 - URL https://aummmm.com caiu com o erro: 436
14-11-2024 10:23:53 - URL https://aummmm.com caiu com o erro: 436
14-11-2024 10:23:53 - URL https://aummmm.com caiu com o erro: 436
14-11-2024 10:23:53 - URL https://aummmm.com caiu com o erro: 436
14-11-2024 10:23:53 - URL https://aummmm.com caiu com o erro: 436
14-11-2024 10:23:53 - URL https://aummmm.com caiu com o erro: 436
14-11-2024 10:23:53 - URL https://aummmm.com caiu com o erro: 436
14-11-2024 10:23:53 - URL https://aummmm.com caiu com o erro: 436
14-11-2024 10:23:53 - URL https://aummmm.com caiu com o erro: 436
14-11-2024 10:28:44 - URL https://gausaugs.com caiu com o erro: timeout
14-11-2024 10:28:44 - URL https://cxcx.com caiu com o erro: timeout
14-11-2024 10:28:45 - URL https://12345meia78.com caiu com o erro: timeout
14-11-2024 10:28:45 - URL https://aummmm.com caiu com o erro: 436
14-11-2024 10:34:27 - URL https://veloper.io caiu com o erro: 502
14-11-2024 10:34:58 - URL https://veloper.io voltou após 30 segundos de inatividade.
14-11-2024 15:31:46 - URL https://gausaugs.com caiu com o erro: timeout
14-11-2024 15:31:47 - URL https://12345meia78.com caiu com o erro: timeout
14-11-2024 15:31:47 - URL https://cxcx.com caiu com o erro: timeout
14-11-2024 15:31:48 - URL https://aummmm.com caiu com o erro: 436
14-11-2024 15:32:31 - URL https://cxcx.com caiu com o erro: timeout
14-11-2024 15:32:31 - URL https://12345meia78.com caiu com o erro: timeout
14-11-2024 15:32:31 - URL https://gausaugs.com caiu com o erro: timeout
14-11-2024 15:32:32 - URL https://aummmm.com caiu com o erro: 436
14-11-2024 15:39:21 - URL https://cxcx.com caiu com o erro: timeout
14-11-2024 15:39:21 - URL https://gausaugs.com caiu com o erro: timeout
14-11-2024 15:39:22 - URL https://12345meia78.com caiu com o erro: timeout
14-11-2024 15:39:26 - URL https://aummmm.com caiu com o erro: timeout
14-11-2024 15:40:16 - URL https://veloper.io caiu com o erro: 502
14-11-2024 15:40:32 - URL https://veloper.io caiu com o erro: 502
14-11-2024 15:42:13 - URL https://veloper.io voltou após 101 segundos de inatividade.
14-11-2024 15:42:34 - URL https://veloper.io voltou após 137 segundos de inatividade.
14-11-2024 16:18:26 - URL https://veloper.io caiu com o erro: timeout
14-11-2024 16:18:58 - URL https://veloper.io voltou após 31 segundos de inatividade.
14-11-2024 16:20:36 - URL https://veloper.io caiu com o erro: timeout
14-11-2024 16:21:08 - URL https://veloper.io voltou após 31 segundos de inatividade.
14-11-2024 16:21:44 - URL https://veloper.io caiu com o erro: timeout
14-11-2024 16:22:16 - URL https://veloper.io voltou após 31 segundos de inatividade.
14-11-2024 16:23:23 - URL https://veloper.io caiu com o erro: timeout
14-11-2024 16:23:55 - URL https://veloper.io voltou após 31 segundos de inatividade.
14-11-2024 16:24:32 - URL https://veloper.io caiu com o erro: timeout
14-11-2024 16:24:51 - URL https://veloper.io caiu com o erro: timeout
14-11-2024 16:25:04 - URL https://veloper.io voltou após 31 segundos de inatividade.
14-11-2024 16:25:22 - URL https://veloper.io voltou após 31 segundos de inatividade.
14-11-2024 16:25:40 - URL https://veloper.io caiu com o erro: timeout
14-11-2024 16:26:12 - URL https://veloper.io voltou após 31 segundos de inatividade.
14-11-2024 16:27:03 - URL https://veloper.io caiu com o erro: timeout
14-11-2024 16:27:35 - URL https://veloper.io voltou após 31 segundos de inatividade.
14-11-2024 16:27:38 - URL https://veloper.io caiu com o erro: timeout
14-11-2024 16:27:50 - URL https://veloper.io caiu com o erro: timeout
14-11-2024 16:28:10 - URL https://veloper.io voltou após 31 segundos de inatividade.
14-11-2024 16:28:22 - URL https://veloper.io voltou após 31 segundos de inatividade.
14-11-2024 16:28:58 - URL https://veloper.io caiu com o erro: timeout
14-11-2024 16:30:05 - URL https://veloper.io voltou após 66 segundos de inatividade.
14-11-2024 16:30:54 - URL https://veloper.io caiu com o erro: timeout
14-11-2024 16:31:26 - URL https://veloper.io voltou após 31 segundos de inatividade.
14-11-2024 16:32:02 - URL https://veloper.io caiu com o erro: timeout
14-11-2024 16:32:34 - URL https://veloper.io voltou após 31 segundos de inatividade.
14-11-2024 16:33:42 - URL https://veloper.io caiu com o erro: timeout
14-11-2024 16:33:52 - URL https://veloper.io caiu com o erro: timeout
14-11-2024 16:34:14 - URL https://veloper.io voltou após 31 segundos de inatividade.
14-11-2024 16:34:24 - URL https://veloper.io voltou após 31 segundos de inatividade.
14-11-2024 16:34:50 - URL https://veloper.io caiu com o erro: timeout
14-11-2024 16:34:59 - URL https://veloper.io caiu com o erro: timeout
14-11-2024 16:35:21 - URL https://veloper.io voltou após 30 segundos de inatividade.
14-11-2024 16:36:06 - URL https://veloper.io voltou após 66 segundos de inatividade.
14-11-2024 16:37:00 - URL https://veloper.io caiu com o erro: timeout
14-11-2024 16:37:31 - URL https://veloper.io voltou após 31 segundos de inatividade.
14-11-2024 16:37:45 - URL https://veloper.io caiu com o erro: timeout
14-11-2024 16:38:17 - URL https://veloper.io voltou após 31 segundos de inatividade.
14-11-2024 16:39:58 - URL https://veloper.io caiu com o erro: timeout
14-11-2024 16:40:29 - URL https://veloper.io voltou após 31 segundos de inatividade.
14-11-2024 16:40:46 - URL https://veloper.io caiu com o erro: timeout
14-11-2024 16:41:18 - URL https://veloper.io voltou após 31 segundos de inatividade.
14-11-2024 16:41:54 - URL https://veloper.io caiu com o erro: timeout
14-11-2024 16:42:26 - URL https://veloper.io voltou após 31 segundos de inatividade.
14-11-2024 16:42:30 - URL https://veloper.io caiu com o erro: timeout
14-11-2024 16:42:41 - URL https://veloper.io caiu com o erro: timeout
14-11-2024 16:43:02 - URL https://veloper.io voltou após 32 segundos de inatividade.
14-11-2024 16:43:06 - URL https://veloper.io caiu com o erro: timeout
14-11-2024 16:43:13 - URL https://veloper.io voltou após 31 segundos de inatividade.
14-11-2024 16:43:38 - URL https://veloper.io voltou após 31 segundos de inatividade.
14-11-2024 16:45:25 - URL https://veloper.io caiu com o erro: timeout
14-11-2024 16:45:50 - URL https://veloper.io caiu com o erro: timeout
14-11-2024 16:45:57 - URL https://veloper.io voltou após 31 segundos de inatividade.
14-11-2024 16:46:22 - URL https://veloper.io voltou após 31 segundos de inatividade.
14-11-2024 16:46:26 - URL https://veloper.io caiu com o erro: timeout
14-11-2024 16:46:57 - URL https://veloper.io voltou após 31 segundos de inatividade.
14-11-2024 16:47:01 - URL https://veloper.io caiu com o erro: timeout
14-11-2024 16:47:33 - URL https://veloper.io voltou após 31 segundos de inatividade.
14-11-2024 16:48:07 - URL https://veloper.io caiu com o erro: timeout
14-11-2024 16:48:09 - URL https://veloper.io caiu com o erro: timeout
14-11-2024 16:48:39 - URL https://veloper.io voltou após 31 segundos de inatividade.
14-11-2024 16:48:42 - URL https://veloper.io caiu com o erro: timeout
14-11-2024 16:49:14 - URL https://veloper.io voltou após 31 segundos de inatividade.
14-11-2024 16:49:16 - URL https://veloper.io voltou após 66 segundos de inatividade.
14-11-2024 16:49:52 - URL https://veloper.io caiu com o erro: timeout
14-11-2024 16:50:24 - URL https://veloper.io voltou após 31 segundos de inatividade.
14-11-2024 16:50:28 - URL https://veloper.io caiu com o erro: timeout
14-11-2024 16:50:53 - URL https://veloper.io caiu com o erro: timeout
14-11-2024 16:51:00 - URL https://veloper.io voltou após 31 segundos de inatividade.
14-11-2024 16:51:04 - URL https://veloper.io caiu com o erro: timeout
14-11-2024 16:51:25 - URL https://veloper.io voltou após 31 segundos de inatividade.
14-11-2024 16:51:36 - URL https://veloper.io voltou após 31 segundos de inatividade.
14-11-2024 16:52:32 - URL https://veloper.io caiu com o erro: timeout
14-11-2024 16:53:04 - URL https://veloper.io voltou após 31 segundos de inatividade.
14-11-2024 16:53:40 - URL https://veloper.io caiu com o erro: timeout
14-11-2024 16:54:11 - URL https://veloper.io voltou após 31 segundos de inatividade.
14-11-2024 16:54:54 - URL https://veloper.io caiu com o erro: timeout
14-11-2024 16:55:25 - URL https://veloper.io voltou após 31 segundos de inatividade.
14-11-2024 16:55:29 - URL https://veloper.io caiu com o erro: timeout
14-11-2024 16:56:01 - URL https://veloper.io voltou após 31 segundos de inatividade.
14-11-2024 16:56:05 - URL https://veloper.io caiu com o erro: timeout
14-11-2024 16:56:37 - URL https://veloper.io voltou após 30 segundos de inatividade.
14-11-2024 16:58:27 - URL https://veloper.io caiu com o erro: timeout
14-11-2024 16:58:59 - URL https://veloper.io voltou após 31 segundos de inatividade.
14-11-2024 17:01:24 - URL https://veloper.io caiu com o erro: timeout
14-11-2024 17:01:56 - URL https://veloper.io voltou após 31 segundos de inatividade.
14-11-2024 17:03:04 - URL https://veloper.io caiu com o erro: timeout
14-11-2024 17:03:19 - URL https://veloper.io caiu com o erro: timeout
14-11-2024 17:03:36 - URL https://veloper.io voltou após 31 segundos de inatividade.
14-11-2024 17:03:51 - URL https://veloper.io voltou após 31 segundos de inatividade.
14-11-2024 17:03:54 - URL https://veloper.io caiu com o erro: timeout
14-11-2024 17:04:11 - URL https://veloper.io caiu com o erro: timeout
14-11-2024 17:04:26 - URL https://veloper.io voltou após 31 segundos de inatividade.
14-11-2024 17:04:43 - URL https://veloper.io voltou após 31 segundos de inatividade.
14-11-2024 17:06:48 - URL https://veloper.io caiu com o erro: timeout
14-11-2024 17:07:05 - URL https://veloper.io caiu com o erro: timeout
14-11-2024 17:07:37 - URL https://veloper.io voltou após 31 segundos de inatividade.
14-11-2024 17:07:41 - URL https://veloper.io caiu com o erro: timeout
14-11-2024 17:11:43 - URL https://cxcx.com caiu com o erro: timeout
14-11-2024 17:11:43 - URL https://12345meia78.com caiu com o erro: timeout
14-11-2024 17:11:44 - URL https://gausaugs.com caiu com o erro: timeout
14-11-2024 17:11:44 - URL https://aummmm.com caiu com o erro: 436
14-11-2024 17:13:22 - URL https://veloper.io caiu com o erro: timeout
14-11-2024 17:13:53 - URL https://veloper.io voltou após 31 segundos de inatividade.
14-11-2024 17:16:03 - URL https://veloper.io caiu com o erro: timeout
14-11-2024 17:16:34 - URL https://veloper.io voltou após 30 segundos de inatividade.
14-11-2024 17:18:02 - URL https://gausaugs.com caiu com o erro: timeout
14-11-2024 17:18:02 - URL https://12345meia78.com caiu com o erro: timeout
14-11-2024 17:18:03 - URL https://cxcx.com caiu com o erro: timeout
14-11-2024 17:18:03 - URL https://aummmm.com caiu com o erro: 436
14-11-2024 17:20:10 - URL https://veloper.io caiu com o erro: timeout
14-11-2024 17:21:15 - URL https://gausaugs.com caiu com o erro: timeout
14-11-2024 17:21:15 - URL https://12345meia78.com caiu com o erro: timeout
14-11-2024 17:21:15 - URL https://cxcx.com caiu com o erro: timeout
14-11-2024 17:21:15 - URL https://aummmm.com caiu com o erro: 436
14-11-2024 17:21:40 - URL https://veloper.io caiu com o erro: timeout
14-11-2024 17:22:41 - URL https://veloper.io voltou após 61 segundos de inatividade.
14-11-2024 17:24:07 - URL https://veloper.io caiu com o erro: timeout
14-11-2024 17:25:08 - URL https://veloper.io voltou após 61 segundos de inatividade.
14-11-2024 17:34:19 - URL https://cxcx.com caiu com o erro: timeout
14-11-2024 17:34:20 - URL https://gausaugs.com caiu com o erro: timeout
14-11-2024 17:34:20 - URL https://12345meia78.com caiu com o erro: timeout
14-11-2024 17:34:21 - URL https://aummmm.com caiu com o erro: 436
14-11-2024 17:34:44 - URL https://veloper.io caiu com o erro: timeout
14-11-2024 17:35:46 - URL https://veloper.io voltou após 61 segundos de inatividade.
14-11-2024 17:36:10 - URL https://veloper.io caiu com o erro: timeout
14-11-2024 17:37:11 - URL https://veloper.io voltou após 60 segundos de inatividade.
14-11-2024 17:38:36 - URL https://veloper.io caiu com o erro: timeout
14-11-2024 17:39:38 - URL https://veloper.io voltou após 60 segundos de inatividade.
14-11-2024 17:44:26 - URL https://veloper.io caiu com o erro: timeout
14-11-2024 17:45:27 - URL https://veloper.io voltou após 61 segundos de inatividade.
14-11-2024 17:45:51 - URL https://veloper.io caiu com o erro: timeout
14-11-2024 18:00:26 - URL https://cxcx.com caiu com o erro: timeout
14-11-2024 18:00:26 - URL https://12345meia78.com caiu com o erro: timeout
14-11-2024 18:00:27 - URL https://gausaugs.com caiu com o erro: timeout
14-11-2024 18:00:27 - URL https://aummmm.com caiu com o erro: timeout
14-11-2024 18:07:54 - URL https://12345meia78.com caiu com o erro: timeout
14-11-2024 18:07:54 - URL https://gausaugs.com caiu com o erro: timeout
14-11-2024 18:07:55 - URL https://cxcx.com caiu com o erro: timeout
14-11-2024 18:07:55 - URL https://aummmm.com caiu com o erro: 436
14-11-2024 18:08:37 - URL https://12345meia78.com caiu com o erro: timeout
14-11-2024 18:08:37 - URL https://cxcx.com caiu com o erro: timeout
14-11-2024 18:08:38 - URL https://gausaugs.com caiu com o erro: timeout
14-11-2024 18:08:38 - URL https://aummmm.com caiu com o erro: 436
14-11-2024 18:09:17 - URL https://gausaugs.com caiu com o erro: timeout
14-11-2024 18:09:18 - URL https://cxcx.com caiu com o erro: timeout
14-11-2024 18:09:18 - URL https://12345meia78.com caiu com o erro: timeout
14-11-2024 18:09:18 - URL https://aummmm.com caiu com o erro: 436
14-11-2024 18:09:46 - URL https://12345meia78.com caiu com o erro: timeout
14-11-2024 18:09:46 - URL https://gausaugs.com caiu com o erro: timeout
14-11-2024 18:09:47 - URL https://cxcx.com caiu com o erro: timeout
14-11-2024 18:09:48 - URL https://aummmm.com caiu com o erro: 436
14-11-2024 18:12:34 - URL https://veloper.io caiu com o erro: timeout
14-11-2024 18:13:36 - URL https://veloper.io voltou após 61 segundos de inatividade.
14-11-2024 18:17:04 - URL https://veloper.io caiu com o erro: timeout
14-11-2024 20:23:08 - URL https://gausaugs.com caiu com o erro: timeout
14-11-2024 20:23:09 - URL https://12345meia78.com caiu com o erro: timeout
14-11-2024 20:23:09 - URL https://cxcx.com caiu com o erro: timeout
14-11-2024 20:23:09 - URL https://aummmm.com caiu com o erro: 436
14-11-2024 20:29:00 - URL https://12345meia78.com caiu com o erro: timeout
14-11-2024 20:29:00 - URL https://cxcx.com caiu com o erro: timeout
14-11-2024 20:29:02 - URL https://aummmm.com caiu com o erro: 436
14-11-2024 20:31:21 - URL https://veloper.io caiu com o erro: 502
14-11-2024 20:32:23 - URL https://veloper.io voltou após 61 segundos de inatividade.
14-11-2024 22:20:59 - URL https://cxcx.com caiu com o erro: timeout
14-11-2024 22:20:59 - URL https://12345meia78.com caiu com o erro: timeout
14-11-2024 22:21:00 - URL https://aummmm.com caiu com o erro: 436
14-11-2024 22:23:43 - URL https://12345meia78.com caiu com o erro: timeout
14-11-2024 22:23:45 - URL https://cxcx.com caiu com o erro: timeout
14-11-2024 22:23:45 - URL https://aummmm.com caiu com o erro: 436
14-11-2024 22:23:51 - URL https://cxcx.com caiu com o erro: timeout
14-11-2024 22:23:52 - URL https://12345meia78.com caiu com o erro: timeout
14-11-2024 22:25:57 - URL https://12345meia78.com caiu com o erro: timeout
14-11-2024 22:25:58 - URL https://cxcx.com caiu com o erro: timeout
14-11-2024 22:25:58 - URL https://aummmm.com caiu com o erro: 436
14-11-2024 22:26:06 - URL https://cxcx.com caiu com o erro: timeout
14-11-2024 22:26:07 - URL https://12345meia78.com caiu com o erro: timeout
14-11-2024 22:26:07 - URL https://aummmm.com caiu com o erro: 436
15-11-2024 20:08:40 - URL https://12345meia78.com caiu com o erro: timeout
15-11-2024 20:08:41 - URL https://cxcx.com caiu com o erro: timeout
15-11-2024 20:08:41 - URL https://aummmm.com caiu com o erro: 436
